{"/Users/shd8/yummy/evolmind-voices/evolmind-voices/src/App.vue": {"path":"/Users/shd8/yummy/evolmind-voices/evolmind-voices/src/App.vue","statementMap":{"0":{"start":{"line":12,"column":0},"end":{"line":12,"column":null}},"1":{"start":{"line":13,"column":0},"end":{"line":13,"column":null}},"2":{"start":{"line":14,"column":0},"end":{"line":14,"column":null}},"3":{"start":{"line":15,"column":0},"end":{"line":15,"column":null}},"4":{"start":{"line":16,"column":0},"end":{"line":16,"column":null}},"5":{"start":{"line":17,"column":0},"end":{"line":17,"column":null}},"6":{"start":{"line":19,"column":15},"end":{"line":19,"column":31}},"7":{"start":{"line":43,"column":4},"end":{"line":43,"column":9}}},"fnMap":{"0":{"name":"(anonymous_0)","decl":{"start":{"line":42,"column":9},"end":{"line":42,"column":null}},"loc":{"start":{"line":42,"column":9},"end":{"line":44,"column":null}}}},"branchMap":{},"s":{"0":0,"1":0,"2":0,"3":0,"4":0,"5":0,"6":0,"7":0},"f":{"0":0},"b":{}}
,"/Users/shd8/yummy/evolmind-voices/evolmind-voices/src/assets/categories.ts": {"path":"/Users/shd8/yummy/evolmind-voices/evolmind-voices/src/assets/categories.ts","statementMap":{"0":{"start":{"line":1,"column":15},"end":{"line":1,"column":null}}},"fnMap":{},"branchMap":{},"s":{"0":0},"f":{},"b":{}}
,"/Users/shd8/yummy/evolmind-voices/evolmind-voices/src/components/AddToFavorites.vue": {"path":"/Users/shd8/yummy/evolmind-voices/evolmind-voices/src/components/AddToFavorites.vue","statementMap":{"0":{"start":{"line":7,"column":0},"end":{"line":7,"column":null}},"1":{"start":{"line":9,"column":15},"end":{"line":9,"column":31}}},"fnMap":{},"branchMap":{},"s":{"0":0,"1":0},"f":{},"b":{}}
,"/Users/shd8/yummy/evolmind-voices/evolmind-voices/src/components/ClearFilters.vue": {"path":"/Users/shd8/yummy/evolmind-voices/evolmind-voices/src/components/ClearFilters.vue","statementMap":{"0":{"start":{"line":8,"column":0},"end":{"line":8,"column":null}},"1":{"start":{"line":9,"column":0},"end":{"line":9,"column":null}},"2":{"start":{"line":11,"column":15},"end":{"line":11,"column":31}}},"fnMap":{},"branchMap":{},"s":{"0":0,"1":0,"2":0},"f":{},"b":{}}
,"/Users/shd8/yummy/evolmind-voices/evolmind-voices/src/components/CurrentCategory.vue": {"path":"/Users/shd8/yummy/evolmind-voices/evolmind-voices/src/components/CurrentCategory.vue","statementMap":{"0":{"start":{"line":6,"column":0},"end":{"line":6,"column":null}},"1":{"start":{"line":7,"column":0},"end":{"line":7,"column":null}},"2":{"start":{"line":9,"column":15},"end":{"line":9,"column":31}}},"fnMap":{},"branchMap":{},"s":{"0":0,"1":0,"2":0},"f":{},"b":{}}
,"/Users/shd8/yummy/evolmind-voices/evolmind-voices/src/components/Dropdown.vue": {"path":"/Users/shd8/yummy/evolmind-voices/evolmind-voices/src/components/Dropdown.vue","statementMap":{"0":{"start":{"line":30,"column":0},"end":{"line":30,"column":null}},"1":{"start":{"line":32,"column":15},"end":{"line":32,"column":31}}},"fnMap":{},"branchMap":{},"s":{"0":0,"1":0},"f":{},"b":{}}
,"/Users/shd8/yummy/evolmind-voices/evolmind-voices/src/components/Header.vue": {"path":"/Users/shd8/yummy/evolmind-voices/evolmind-voices/src/components/Header.vue","statementMap":{"0":{"start":{"line":73,"column":0},"end":{"line":73,"column":null}},"1":{"start":{"line":74,"column":0},"end":{"line":74,"column":null}},"2":{"start":{"line":76,"column":0},"end":{"line":76,"column":null}},"3":{"start":{"line":77,"column":0},"end":{"line":77,"column":null}},"4":{"start":{"line":78,"column":0},"end":{"line":78,"column":null}},"5":{"start":{"line":88,"column":15},"end":{"line":88,"column":31}},"6":{"start":{"line":112,"column":6},"end":{"line":112,"column":11}},"7":{"start":{"line":118,"column":6},"end":{"line":118,"column":11}},"8":{"start":{"line":119,"column":6},"end":{"line":119,"column":11}},"9":{"start":{"line":123,"column":6},"end":{"line":123,"column":12}},"10":{"start":{"line":127,"column":6},"end":{"line":127,"column":11}},"11":{"start":{"line":128,"column":6},"end":{"line":128,"column":11}},"12":{"start":{"line":133,"column":4},"end":{"line":133,"column":11}}},"fnMap":{"0":{"name":"(anonymous_0)","decl":{"start":{"line":110,"column":4},"end":{"line":110,"column":21}},"loc":{"start":{"line":110,"column":38},"end":{"line":115,"column":null}}},"1":{"name":"(anonymous_1)","decl":{"start":{"line":117,"column":24},"end":{"line":117,"column":null}},"loc":{"start":{"line":117,"column":24},"end":{"line":120,"column":null}}},"2":{"name":"(anonymous_2)","decl":{"start":{"line":122,"column":15},"end":{"line":122,"column":null}},"loc":{"start":{"line":122,"column":15},"end":{"line":124,"column":null}}},"3":{"name":"(anonymous_3)","decl":{"start":{"line":126,"column":4},"end":{"line":126,"column":18}},"loc":{"start":{"line":126,"column":37},"end":{"line":129,"column":null}}},"4":{"name":"(anonymous_4)","decl":{"start":{"line":132,"column":2},"end":{"line":132,"column":6}},"loc":{"start":{"line":132,"column":2},"end":{"line":140,"column":null}}}},"branchMap":{"0":{"loc":{"start":{"line":113,"column":10},"end":{"line":113,"column":null}},"type":"cond-expr","locations":[{"start":{"line":113,"column":10},"end":{"line":113,"column":null}},{"start":{"line":114,"column":10},"end":{"line":114,"column":null}}]}},"s":{"0":0,"1":0,"2":0,"3":0,"4":0,"5":0,"6":0,"7":0,"8":0,"9":0,"10":0,"11":0,"12":0},"f":{"0":0,"1":0,"2":0,"3":0,"4":0},"b":{"0":[0,0]}}
,"/Users/shd8/yummy/evolmind-voices/evolmind-voices/src/components/InputString.vue": {"path":"/Users/shd8/yummy/evolmind-voices/evolmind-voices/src/components/InputString.vue","statementMap":{"0":{"start":{"line":7,"column":0},"end":{"line":7,"column":null}},"1":{"start":{"line":8,"column":0},"end":{"line":8,"column":null}},"2":{"start":{"line":10,"column":15},"end":{"line":10,"column":31}}},"fnMap":{},"branchMap":{},"s":{"0":0,"1":0,"2":0},"f":{},"b":{}}
,"/Users/shd8/yummy/evolmind-voices/evolmind-voices/src/components/Modal.vue": {"path":"/Users/shd8/yummy/evolmind-voices/evolmind-voices/src/components/Modal.vue","statementMap":{"0":{"start":{"line":31,"column":0},"end":{"line":31,"column":null}},"1":{"start":{"line":32,"column":0},"end":{"line":32,"column":null}},"2":{"start":{"line":34,"column":15},"end":{"line":34,"column":31}},"3":{"start":{"line":43,"column":6},"end":{"line":43,"column":13}},"4":{"start":{"line":46,"column":6},"end":{"line":46,"column":13}},"5":{"start":{"line":52,"column":6},"end":{"line":52,"column":11}},"6":{"start":{"line":59,"column":4},"end":{"line":59,"column":9}},"7":{"start":{"line":63,"column":4},"end":{"line":63,"column":9}},"8":{"start":{"line":72,"column":6},"end":{"line":72,"column":11}},"9":{"start":{"line":73,"column":6},"end":{"line":73,"column":11}},"10":{"start":{"line":78,"column":4},"end":{"line":78,"column":11}}},"fnMap":{"0":{"name":"(anonymous_0)","decl":{"start":{"line":42,"column":4},"end":{"line":42,"column":21}},"loc":{"start":{"line":42,"column":4},"end":{"line":44,"column":null}}},"1":{"name":"(anonymous_1)","decl":{"start":{"line":45,"column":4},"end":{"line":45,"column":22}},"loc":{"start":{"line":45,"column":4},"end":{"line":47,"column":null}}},"2":{"name":"(anonymous_2)","decl":{"start":{"line":51,"column":4},"end":{"line":51,"column":15}},"loc":{"start":{"line":51,"column":29},"end":{"line":55,"column":null}}},"3":{"name":"(anonymous_3)","decl":{"start":{"line":58,"column":9},"end":{"line":58,"column":null}},"loc":{"start":{"line":58,"column":9},"end":{"line":60,"column":null}}},"4":{"name":"(anonymous_4)","decl":{"start":{"line":62,"column":2},"end":{"line":62,"column":11}},"loc":{"start":{"line":62,"column":2},"end":{"line":64,"column":null}}},"5":{"name":"(anonymous_5)","decl":{"start":{"line":71,"column":15},"end":{"line":71,"column":null}},"loc":{"start":{"line":71,"column":15},"end":{"line":74,"column":null}}},"6":{"name":"(anonymous_6)","decl":{"start":{"line":77,"column":6},"end":{"line":77,"column":null}},"loc":{"start":{"line":77,"column":6},"end":{"line":81,"column":null}}}},"branchMap":{"0":{"loc":{"start":{"line":43,"column":32},"end":{"line":43,"column":53}},"type":"cond-expr","locations":[{"start":{"line":43,"column":32},"end":{"line":43,"column":53}},{"start":{"line":43,"column":53},"end":{"line":43,"column":null}}]},"1":{"loc":{"start":{"line":46,"column":32},"end":{"line":46,"column":61}},"type":"cond-expr","locations":[{"start":{"line":46,"column":32},"end":{"line":46,"column":61}},{"start":{"line":46,"column":61},"end":{"line":46,"column":null}}]},"2":{"loc":{"start":{"line":53,"column":10},"end":{"line":53,"column":15}},"type":"cond-expr","locations":[{"start":{"line":53,"column":10},"end":{"line":53,"column":15}},{"start":{"line":54,"column":10},"end":{"line":54,"column":15}}]},"3":{"loc":{"start":{"line":59,"column":23},"end":{"line":59,"column":28}},"type":"cond-expr","locations":[{"start":{"line":59,"column":23},"end":{"line":59,"column":28}},{"start":{"line":59,"column":74},"end":{"line":59,"column":null}}]}},"s":{"0":0,"1":0,"2":0,"3":0,"4":0,"5":0,"6":0,"7":0,"8":0,"9":0,"10":0},"f":{"0":0,"1":0,"2":0,"3":0,"4":0,"5":0,"6":0},"b":{"0":[0,0],"1":[0,0],"2":[0,0],"3":[0,0]}}
,"/Users/shd8/yummy/evolmind-voices/evolmind-voices/src/components/RandomVoice.vue": {"path":"/Users/shd8/yummy/evolmind-voices/evolmind-voices/src/components/RandomVoice.vue","statementMap":{"0":{"start":{"line":14,"column":0},"end":{"line":14,"column":null}},"1":{"start":{"line":15,"column":0},"end":{"line":15,"column":null}},"2":{"start":{"line":16,"column":0},"end":{"line":16,"column":null}},"3":{"start":{"line":18,"column":15},"end":{"line":18,"column":31}},"4":{"start":{"line":29,"column":6},"end":{"line":29,"column":11}},"5":{"start":{"line":33,"column":6},"end":{"line":33,"column":11}},"6":{"start":{"line":39,"column":4},"end":{"line":39,"column":11}}},"fnMap":{"0":{"name":"(anonymous_0)","decl":{"start":{"line":28,"column":15},"end":{"line":28,"column":null}},"loc":{"start":{"line":28,"column":15},"end":{"line":30,"column":null}}},"1":{"name":"(anonymous_1)","decl":{"start":{"line":32,"column":21},"end":{"line":32,"column":null}},"loc":{"start":{"line":32,"column":21},"end":{"line":34,"column":null}}},"2":{"name":"(anonymous_2)","decl":{"start":{"line":38,"column":6},"end":{"line":38,"column":null}},"loc":{"start":{"line":38,"column":6},"end":{"line":42,"column":null}}}},"branchMap":{},"s":{"0":0,"1":0,"2":0,"3":0,"4":0,"5":0,"6":0},"f":{"0":0,"1":0,"2":0},"b":{}}
,"/Users/shd8/yummy/evolmind-voices/evolmind-voices/src/components/RandomVoiceGenerator.vue": {"path":"/Users/shd8/yummy/evolmind-voices/evolmind-voices/src/components/RandomVoiceGenerator.vue","statementMap":{"0":{"start":{"line":11,"column":0},"end":{"line":11,"column":null}},"1":{"start":{"line":12,"column":0},"end":{"line":12,"column":null}},"2":{"start":{"line":13,"column":0},"end":{"line":13,"column":null}},"3":{"start":{"line":15,"column":15},"end":{"line":15,"column":31}},"4":{"start":{"line":34,"column":6},"end":{"line":34,"column":11}},"5":{"start":{"line":35,"column":6},"end":{"line":35,"column":11}},"6":{"start":{"line":39,"column":6},"end":{"line":39,"column":11}},"7":{"start":{"line":44,"column":4},"end":{"line":44,"column":11}}},"fnMap":{"0":{"name":"(anonymous_0)","decl":{"start":{"line":33,"column":29},"end":{"line":33,"column":null}},"loc":{"start":{"line":33,"column":29},"end":{"line":36,"column":null}}},"1":{"name":"(anonymous_1)","decl":{"start":{"line":38,"column":19},"end":{"line":38,"column":null}},"loc":{"start":{"line":38,"column":19},"end":{"line":40,"column":null}}},"2":{"name":"(anonymous_2)","decl":{"start":{"line":43,"column":6},"end":{"line":43,"column":null}},"loc":{"start":{"line":43,"column":6},"end":{"line":47,"column":null}}}},"branchMap":{},"s":{"0":0,"1":0,"2":0,"3":0,"4":0,"5":0,"6":0,"7":0},"f":{"0":0,"1":0,"2":0},"b":{}}
,"/Users/shd8/yummy/evolmind-voices/evolmind-voices/src/components/Search.vue": {"path":"/Users/shd8/yummy/evolmind-voices/evolmind-voices/src/components/Search.vue","statementMap":{"0":{"start":{"line":13,"column":0},"end":{"line":13,"column":null}},"1":{"start":{"line":14,"column":0},"end":{"line":14,"column":null}},"2":{"start":{"line":20,"column":15},"end":{"line":20,"column":31}},"3":{"start":{"line":30,"column":4},"end":{"line":30,"column":11}}},"fnMap":{"0":{"name":"(anonymous_0)","decl":{"start":{"line":29,"column":2},"end":{"line":29,"column":6}},"loc":{"start":{"line":29,"column":2},"end":{"line":33,"column":null}}}},"branchMap":{},"s":{"0":0,"1":0,"2":0,"3":0},"f":{"0":0},"b":{}}
,"/Users/shd8/yummy/evolmind-voices/evolmind-voices/src/components/VoiceIcon.vue": {"path":"/Users/shd8/yummy/evolmind-voices/evolmind-voices/src/components/VoiceIcon.vue","statementMap":{"0":{"start":{"line":19,"column":0},"end":{"line":19,"column":null}},"1":{"start":{"line":20,"column":0},"end":{"line":20,"column":null}},"2":{"start":{"line":21,"column":0},"end":{"line":21,"column":null}},"3":{"start":{"line":23,"column":15},"end":{"line":23,"column":31}}},"fnMap":{},"branchMap":{},"s":{"0":0,"1":0,"2":0,"3":0},"f":{},"b":{}}
,"/Users/shd8/yummy/evolmind-voices/evolmind-voices/src/components/VoicesList.vue": {"path":"/Users/shd8/yummy/evolmind-voices/evolmind-voices/src/components/VoicesList.vue","statementMap":{"0":{"start":{"line":19,"column":0},"end":{"line":19,"column":null}},"1":{"start":{"line":20,"column":0},"end":{"line":20,"column":null}},"2":{"start":{"line":21,"column":0},"end":{"line":21,"column":null}},"3":{"start":{"line":23,"column":15},"end":{"line":23,"column":31}}},"fnMap":{},"branchMap":{},"s":{"0":0,"1":0,"2":0,"3":0},"f":{},"b":{}}
,"/Users/shd8/yummy/evolmind-voices/evolmind-voices/src/router/index.ts": {"path":"/Users/shd8/yummy/evolmind-voices/evolmind-voices/src/router/index.ts","statementMap":{"0":{"start":{"line":1,"column":0},"end":{"line":1,"column":null}},"1":{"start":{"line":2,"column":0},"end":{"line":2,"column":null}},"2":{"start":{"line":3,"column":0},"end":{"line":3,"column":null}},"3":{"start":{"line":5,"column":38},"end":{"line":5,"column":null}},"4":{"start":{"line":21,"column":15},"end":{"line":21,"column":28}},"5":{"start":{"line":26,"column":15},"end":{"line":26,"column":null}}},"fnMap":{},"branchMap":{},"s":{"0":0,"1":0,"2":0,"3":0,"4":0,"5":0},"f":{},"b":{}}
,"/Users/shd8/yummy/evolmind-voices/evolmind-voices/src/store/actions.ts": {"path":"/Users/shd8/yummy/evolmind-voices/evolmind-voices/src/store/actions.ts","statementMap":{"0":{"start":{"line":3,"column":0},"end":{"line":3,"column":null}},"1":{"start":{"line":5,"column":16},"end":{"line":5,"column":null}},"2":{"start":{"line":7,"column":4},"end":{"line":7,"column":10}},"3":{"start":{"line":11,"column":15},"end":{"line":11,"column":null}}},"fnMap":{"0":{"name":"(anonymous_0)","decl":{"start":{"line":6,"column":2},"end":{"line":6,"column":8}},"loc":{"start":{"line":6,"column":58},"end":{"line":8,"column":null}}}},"branchMap":{},"s":{"0":0,"1":0,"2":0,"3":0},"f":{"0":0},"b":{}}
,"/Users/shd8/yummy/evolmind-voices/evolmind-voices/src/store/getters.ts": {"path":"/Users/shd8/yummy/evolmind-voices/evolmind-voices/src/store/getters.ts","statementMap":{"0":{"start":{"line":2,"column":0},"end":{"line":2,"column":null}},"1":{"start":{"line":4,"column":16},"end":{"line":4,"column":null}},"2":{"start":{"line":7,"column":4},"end":{"line":7,"column":73}},"3":{"start":{"line":7,"column":66},"end":{"line":7,"column":73}},"4":{"start":{"line":9,"column":4},"end":{"line":13,"column":null}},"5":{"start":{"line":10,"column":6},"end":{"line":10,"column":13}},"6":{"start":{"line":11,"column":28},"end":{"line":11,"column":33}},"7":{"start":{"line":15,"column":4},"end":{"line":15,"column":11}},"8":{"start":{"line":16,"column":26},"end":{"line":18,"column":12}},"9":{"start":{"line":18,"column":32},"end":{"line":18,"column":null}},"10":{"start":{"line":22,"column":4},"end":{"line":22,"column":73}},"11":{"start":{"line":22,"column":66},"end":{"line":22,"column":73}},"12":{"start":{"line":24,"column":4},"end":{"line":28,"column":null}},"13":{"start":{"line":25,"column":6},"end":{"line":25,"column":13}},"14":{"start":{"line":26,"column":31},"end":{"line":26,"column":39}},"15":{"start":{"line":30,"column":4},"end":{"line":30,"column":11}},"16":{"start":{"line":31,"column":29},"end":{"line":33,"column":15}},"17":{"start":{"line":33,"column":35},"end":{"line":33,"column":null}},"18":{"start":{"line":37,"column":4},"end":{"line":37,"column":11}},"19":{"start":{"line":38,"column":26},"end":{"line":38,"column":66}},"20":{"start":{"line":42,"column":21},"end":{"line":42,"column":54}},"21":{"start":{"line":42,"column":49},"end":{"line":42,"column":54}},"22":{"start":{"line":43,"column":24},"end":{"line":43,"column":null}},"23":{"start":{"line":46,"column":15},"end":{"line":46,"column":null}}},"fnMap":{"0":{"name":"(anonymous_0)","decl":{"start":{"line":6,"column":2},"end":{"line":6,"column":16}},"loc":{"start":{"line":6,"column":28},"end":{"line":19,"column":null}}},"1":{"name":"(anonymous_1)","decl":{"start":{"line":11,"column":17},"end":{"line":11,"column":28}},"loc":{"start":{"line":11,"column":28},"end":{"line":11,"column":33}}},"2":{"name":"(anonymous_2)","decl":{"start":{"line":16,"column":15},"end":{"line":16,"column":25}},"loc":{"start":{"line":16,"column":26},"end":{"line":18,"column":12}}},"3":{"name":"(anonymous_3)","decl":{"start":{"line":18,"column":24},"end":{"line":18,"column":32}},"loc":{"start":{"line":18,"column":32},"end":{"line":18,"column":null}}},"4":{"name":"(anonymous_4)","decl":{"start":{"line":21,"column":2},"end":{"line":21,"column":19}},"loc":{"start":{"line":21,"column":32},"end":{"line":34,"column":null}}},"5":{"name":"(anonymous_5)","decl":{"start":{"line":26,"column":17},"end":{"line":26,"column":31}},"loc":{"start":{"line":26,"column":31},"end":{"line":26,"column":39}}},"6":{"name":"(anonymous_6)","decl":{"start":{"line":31,"column":15},"end":{"line":31,"column":28}},"loc":{"start":{"line":31,"column":29},"end":{"line":33,"column":15}}},"7":{"name":"(anonymous_7)","decl":{"start":{"line":33,"column":27},"end":{"line":33,"column":35}},"loc":{"start":{"line":33,"column":35},"end":{"line":33,"column":null}}},"8":{"name":"(anonymous_8)","decl":{"start":{"line":36,"column":2},"end":{"line":36,"column":21}},"loc":{"start":{"line":36,"column":34},"end":{"line":39,"column":null}}},"9":{"name":"(anonymous_9)","decl":{"start":{"line":38,"column":13},"end":{"line":38,"column":26}},"loc":{"start":{"line":38,"column":26},"end":{"line":38,"column":66}}},"10":{"name":"(anonymous_10)","decl":{"start":{"line":42,"column":3},"end":{"line":42,"column":20}},"loc":{"start":{"line":42,"column":21},"end":{"line":42,"column":54}}},"11":{"name":"(anonymous_11)","decl":{"start":{"line":42,"column":21},"end":{"line":42,"column":49}},"loc":{"start":{"line":42,"column":49},"end":{"line":42,"column":54}}},"12":{"name":"(anonymous_12)","decl":{"start":{"line":43,"column":11},"end":{"line":43,"column":24}},"loc":{"start":{"line":43,"column":24},"end":{"line":43,"column":null}}}},"branchMap":{"0":{"loc":{"start":{"line":7,"column":4},"end":{"line":7,"column":73}},"type":"if","locations":[{"start":{"line":7,"column":4},"end":{"line":7,"column":73}},{"start":{"line":7,"column":4},"end":{"line":7,"column":73}}]},"1":{"loc":{"start":{"line":7,"column":8},"end":{"line":7,"column":36}},"type":"binary-expr","locations":[{"start":{"line":7,"column":8},"end":{"line":7,"column":36}},{"start":{"line":7,"column":36},"end":{"line":7,"column":66}}]},"2":{"loc":{"start":{"line":9,"column":4},"end":{"line":13,"column":null}},"type":"if","locations":[{"start":{"line":9,"column":4},"end":{"line":13,"column":null}},{"start":{"line":9,"column":4},"end":{"line":13,"column":null}}]},"3":{"loc":{"start":{"line":9,"column":8},"end":{"line":9,"column":36}},"type":"binary-expr","locations":[{"start":{"line":9,"column":8},"end":{"line":9,"column":36}},{"start":{"line":9,"column":36},"end":{"line":9,"column":66}}]},"4":{"loc":{"start":{"line":16,"column":26},"end":{"line":16,"column":31}},"type":"binary-expr","locations":[{"start":{"line":16,"column":26},"end":{"line":16,"column":31}},{"start":{"line":18,"column":7},"end":{"line":18,"column":12}}]},"5":{"loc":{"start":{"line":22,"column":4},"end":{"line":22,"column":73}},"type":"if","locations":[{"start":{"line":22,"column":4},"end":{"line":22,"column":73}},{"start":{"line":22,"column":4},"end":{"line":22,"column":73}}]},"6":{"loc":{"start":{"line":22,"column":8},"end":{"line":22,"column":36}},"type":"binary-expr","locations":[{"start":{"line":22,"column":8},"end":{"line":22,"column":36}},{"start":{"line":22,"column":36},"end":{"line":22,"column":66}}]},"7":{"loc":{"start":{"line":24,"column":4},"end":{"line":28,"column":null}},"type":"if","locations":[{"start":{"line":24,"column":4},"end":{"line":28,"column":null}},{"start":{"line":24,"column":4},"end":{"line":28,"column":null}}]},"8":{"loc":{"start":{"line":24,"column":8},"end":{"line":24,"column":36}},"type":"binary-expr","locations":[{"start":{"line":24,"column":8},"end":{"line":24,"column":36}},{"start":{"line":24,"column":36},"end":{"line":24,"column":66}}]},"9":{"loc":{"start":{"line":31,"column":29},"end":{"line":31,"column":37}},"type":"binary-expr","locations":[{"start":{"line":31,"column":29},"end":{"line":31,"column":37}},{"start":{"line":33,"column":7},"end":{"line":33,"column":15}}]}},"s":{"0":0,"1":0,"2":0,"3":0,"4":0,"5":0,"6":0,"7":0,"8":0,"9":0,"10":0,"11":0,"12":0,"13":0,"14":0,"15":0,"16":0,"17":0,"18":0,"19":0,"20":0,"21":0,"22":0,"23":0},"f":{"0":0,"1":0,"2":0,"3":0,"4":0,"5":0,"6":0,"7":0,"8":0,"9":0,"10":0,"11":0,"12":0},"b":{"0":[0,0],"1":[0,0],"2":[0,0],"3":[0,0],"4":[0,0],"5":[0,0],"6":[0,0],"7":[0,0],"8":[0,0],"9":[0,0]}}
,"/Users/shd8/yummy/evolmind-voices/evolmind-voices/src/store/index.ts": {"path":"/Users/shd8/yummy/evolmind-voices/evolmind-voices/src/store/index.ts","statementMap":{"0":{"start":{"line":1,"column":0},"end":{"line":1,"column":null}},"1":{"start":{"line":2,"column":0},"end":{"line":2,"column":null}},"2":{"start":{"line":3,"column":0},"end":{"line":3,"column":null}},"3":{"start":{"line":4,"column":0},"end":{"line":4,"column":null}},"4":{"start":{"line":5,"column":0},"end":{"line":5,"column":null}},"5":{"start":{"line":7,"column":15},"end":{"line":7,"column":27}}},"fnMap":{},"branchMap":{},"s":{"0":0,"1":0,"2":0,"3":0,"4":0,"5":0},"f":{},"b":{}}
,"/Users/shd8/yummy/evolmind-voices/evolmind-voices/src/store/mutations.ts": {"path":"/Users/shd8/yummy/evolmind-voices/evolmind-voices/src/store/mutations.ts","statementMap":{"0":{"start":{"line":3,"column":18},"end":{"line":3,"column":null}},"1":{"start":{"line":6,"column":4},"end":{"line":6,"column":9}},"2":{"start":{"line":11,"column":4},"end":{"line":11,"column":9}},"3":{"start":{"line":11,"column":39},"end":{"line":11,"column":null}},"4":{"start":{"line":12,"column":63},"end":{"line":12,"column":null}},"5":{"start":{"line":17,"column":4},"end":{"line":17,"column":9}},"6":{"start":{"line":17,"column":33},"end":{"line":17,"column":null}},"7":{"start":{"line":18,"column":4},"end":{"line":18,"column":9}},"8":{"start":{"line":18,"column":36},"end":{"line":18,"column":null}},"9":{"start":{"line":22,"column":4},"end":{"line":22,"column":9}},"10":{"start":{"line":22,"column":33},"end":{"line":22,"column":60}},"11":{"start":{"line":23,"column":4},"end":{"line":23,"column":9}},"12":{"start":{"line":23,"column":36},"end":{"line":23,"column":63}},"13":{"start":{"line":27,"column":4},"end":{"line":27,"column":9}},"14":{"start":{"line":31,"column":4},"end":{"line":31,"column":9}},"15":{"start":{"line":35,"column":4},"end":{"line":35,"column":9}},"16":{"start":{"line":36,"column":4},"end":{"line":36,"column":9}},"17":{"start":{"line":40,"column":4},"end":{"line":40,"column":9}},"18":{"start":{"line":44,"column":4},"end":{"line":44,"column":9}},"19":{"start":{"line":48,"column":15},"end":{"line":48,"column":null}}},"fnMap":{"0":{"name":"(anonymous_0)","decl":{"start":{"line":5,"column":2},"end":{"line":5,"column":14}},"loc":{"start":{"line":5,"column":50},"end":{"line":7,"column":null}}},"1":{"name":"(anonymous_1)","decl":{"start":{"line":9,"column":2},"end":{"line":9,"column":17}},"loc":{"start":{"line":9,"column":46},"end":{"line":14,"column":null}}},"2":{"name":"(anonymous_2)","decl":{"start":{"line":11,"column":26},"end":{"line":11,"column":39}},"loc":{"start":{"line":11,"column":39},"end":{"line":11,"column":null}}},"3":{"name":"(anonymous_3)","decl":{"start":{"line":12,"column":50},"end":{"line":12,"column":63}},"loc":{"start":{"line":12,"column":63},"end":{"line":12,"column":null}}},"4":{"name":"(anonymous_4)","decl":{"start":{"line":16,"column":2},"end":{"line":16,"column":16}},"loc":{"start":{"line":16,"column":29},"end":{"line":19,"column":null}}},"5":{"name":"(anonymous_5)","decl":{"start":{"line":17,"column":22},"end":{"line":17,"column":23}},"loc":{"start":{"line":17,"column":33},"end":{"line":17,"column":null}}},"6":{"name":"(anonymous_6)","decl":{"start":{"line":18,"column":25},"end":{"line":18,"column":26}},"loc":{"start":{"line":18,"column":36},"end":{"line":18,"column":null}}},"7":{"name":"(anonymous_7)","decl":{"start":{"line":21,"column":2},"end":{"line":21,"column":23}},"loc":{"start":{"line":21,"column":36},"end":{"line":24,"column":null}}},"8":{"name":"(anonymous_8)","decl":{"start":{"line":22,"column":22},"end":{"line":22,"column":23}},"loc":{"start":{"line":22,"column":33},"end":{"line":22,"column":60}}},"9":{"name":"(anonymous_9)","decl":{"start":{"line":23,"column":25},"end":{"line":23,"column":26}},"loc":{"start":{"line":23,"column":36},"end":{"line":23,"column":63}}},"10":{"name":"(anonymous_10)","decl":{"start":{"line":26,"column":2},"end":{"line":26,"column":20}},"loc":{"start":{"line":26,"column":50},"end":{"line":28,"column":null}}},"11":{"name":"(anonymous_11)","decl":{"start":{"line":30,"column":2},"end":{"line":30,"column":19}},"loc":{"start":{"line":30,"column":49},"end":{"line":32,"column":null}}},"12":{"name":"(anonymous_12)","decl":{"start":{"line":34,"column":2},"end":{"line":34,"column":14}},"loc":{"start":{"line":34,"column":27},"end":{"line":37,"column":null}}},"13":{"name":"(anonymous_13)","decl":{"start":{"line":39,"column":2},"end":{"line":39,"column":18}},"loc":{"start":{"line":39,"column":30},"end":{"line":41,"column":null}}},"14":{"name":"(anonymous_14)","decl":{"start":{"line":43,"column":2},"end":{"line":43,"column":21}},"loc":{"start":{"line":43,"column":34},"end":{"line":45,"column":null}}}},"branchMap":{"0":{"loc":{"start":{"line":12,"column":8},"end":{"line":12,"column":31}},"type":"cond-expr","locations":[{"start":{"line":12,"column":8},"end":{"line":12,"column":31}},{"start":{"line":13,"column":8},"end":{"line":13,"column":13}}]},"1":{"loc":{"start":{"line":17,"column":51},"end":{"line":17,"column":55}},"type":"cond-expr","locations":[{"start":{"line":17,"column":51},"end":{"line":17,"column":55}},{"start":{"line":17,"column":55},"end":{"line":17,"column":null}}]},"2":{"loc":{"start":{"line":18,"column":54},"end":{"line":18,"column":58}},"type":"cond-expr","locations":[{"start":{"line":18,"column":54},"end":{"line":18,"column":58}},{"start":{"line":18,"column":58},"end":{"line":18,"column":null}}]},"3":{"loc":{"start":{"line":22,"column":51},"end":{"line":22,"column":55}},"type":"cond-expr","locations":[{"start":{"line":22,"column":51},"end":{"line":22,"column":55}},{"start":{"line":22,"column":55},"end":{"line":22,"column":60}}]},"4":{"loc":{"start":{"line":23,"column":54},"end":{"line":23,"column":58}},"type":"cond-expr","locations":[{"start":{"line":23,"column":54},"end":{"line":23,"column":58}},{"start":{"line":23,"column":58},"end":{"line":23,"column":63}}]}},"s":{"0":0,"1":0,"2":0,"3":0,"4":0,"5":0,"6":0,"7":0,"8":0,"9":0,"10":0,"11":0,"12":0,"13":0,"14":0,"15":0,"16":0,"17":0,"18":0,"19":0},"f":{"0":0,"1":0,"2":0,"3":0,"4":0,"5":0,"6":0,"7":0,"8":0,"9":0,"10":0,"11":0,"12":0,"13":0,"14":0},"b":{"0":[0,0],"1":[0,0],"2":[0,0],"3":[0,0],"4":[0,0]}}
,"/Users/shd8/yummy/evolmind-voices/evolmind-voices/src/store/state.ts": {"path":"/Users/shd8/yummy/evolmind-voices/evolmind-voices/src/store/state.ts","statementMap":{"0":{"start":{"line":3,"column":14},"end":{"line":3,"column":null}},"1":{"start":{"line":11,"column":15},"end":{"line":11,"column":null}}},"fnMap":{},"branchMap":{},"s":{"0":1,"1":1},"f":{},"b":{}}
,"/Users/shd8/yummy/evolmind-voices/evolmind-voices/src/views/Favorites.vue": {"path":"/Users/shd8/yummy/evolmind-voices/evolmind-voices/src/views/Favorites.vue","statementMap":{"0":{"start":{"line":11,"column":0},"end":{"line":11,"column":null}},"1":{"start":{"line":12,"column":0},"end":{"line":12,"column":null}},"2":{"start":{"line":13,"column":0},"end":{"line":13,"column":null}},"3":{"start":{"line":15,"column":15},"end":{"line":15,"column":31}}},"fnMap":{},"branchMap":{},"s":{"0":0,"1":0,"2":0,"3":0},"f":{},"b":{}}
,"/Users/shd8/yummy/evolmind-voices/evolmind-voices/src/views/Home.vue": {"path":"/Users/shd8/yummy/evolmind-voices/evolmind-voices/src/views/Home.vue","statementMap":{"0":{"start":{"line":8,"column":0},"end":{"line":8,"column":null}},"1":{"start":{"line":9,"column":0},"end":{"line":9,"column":null}},"2":{"start":{"line":10,"column":0},"end":{"line":10,"column":null}},"3":{"start":{"line":12,"column":15},"end":{"line":12,"column":31}}},"fnMap":{},"branchMap":{},"s":{"0":0,"1":0,"2":0,"3":0},"f":{},"b":{}}
}
