TN:
SF:/Users/shd8/yummy/evolmind-voices/evolmind-voices/src/App.vue
FN:42,(anonymous_0)
FNF:1
FNH:1
FNDA:1,(anonymous_0)
DA:12,1
DA:13,1
DA:14,1
DA:15,1
DA:16,1
DA:17,1
DA:19,1
DA:43,1
LF:8
LH:8
BRF:0
BRH:0
end_of_record
TN:
SF:/Users/shd8/yummy/evolmind-voices/evolmind-voices/src/assets/categories.ts
FNF:0
FNH:0
DA:1,4
LF:1
LH:1
BRF:0
BRH:0
end_of_record
TN:
SF:/Users/shd8/yummy/evolmind-voices/evolmind-voices/src/components/AddToFavorites.vue
FNF:0
FNH:0
DA:7,6
DA:9,6
LF:2
LH:2
BRF:0
BRH:0
end_of_record
TN:
SF:/Users/shd8/yummy/evolmind-voices/evolmind-voices/src/components/ClearFilters.vue
FNF:0
FNH:0
DA:8,4
DA:9,4
DA:11,4
LF:3
LH:3
BRF:0
BRH:0
end_of_record
TN:
SF:/Users/shd8/yummy/evolmind-voices/evolmind-voices/src/components/CurrentCategory.vue
FNF:0
FNH:0
DA:6,2
DA:7,2
DA:9,2
LF:3
LH:3
BRF:0
BRH:0
end_of_record
TN:
SF:/Users/shd8/yummy/evolmind-voices/evolmind-voices/src/components/Dropdown.vue
FNF:0
FNH:0
DA:30,3
DA:32,3
LF:2
LH:2
BRF:0
BRH:0
end_of_record
TN:
SF:/Users/shd8/yummy/evolmind-voices/evolmind-voices/src/components/Header.vue
FN:110,(anonymous_0)
FN:117,(anonymous_1)
FN:122,(anonymous_2)
FN:126,(anonymous_3)
FN:132,(anonymous_4)
FNF:5
FNH:4
FNDA:1,(anonymous_0)
FNDA:1,(anonymous_1)
FNDA:1,(anonymous_2)
FNDA:0,(anonymous_3)
FNDA:3,(anonymous_4)
DA:73,2
DA:74,2
DA:76,2
DA:77,2
DA:78,2
DA:88,2
DA:112,1
DA:118,1
DA:119,1
DA:123,1
DA:127,0
DA:128,0
DA:133,3
LF:13
LH:11
BRDA:113,0,0,1
BRDA:113,0,1,0
BRF:2
BRH:1
end_of_record
TN:
SF:/Users/shd8/yummy/evolmind-voices/evolmind-voices/src/components/InputString.vue
FNF:0
FNH:0
DA:7,1
DA:8,1
DA:10,1
LF:3
LH:3
BRF:0
BRH:0
end_of_record
TN:
SF:/Users/shd8/yummy/evolmind-voices/evolmind-voices/src/components/Modal.vue
FN:42,(anonymous_0)
FN:45,(anonymous_1)
FN:51,(anonymous_2)
FN:58,(anonymous_3)
FN:62,(anonymous_4)
FN:71,(anonymous_5)
FN:77,(anonymous_6)
FNF:7
FNH:7
FNDA:5,(anonymous_0)
FNDA:5,(anonymous_1)
FNDA:1,(anonymous_2)
FNDA:4,(anonymous_3)
FNDA:1,(anonymous_4)
FNDA:1,(anonymous_5)
FNDA:4,(anonymous_6)
DA:31,3
DA:32,3
DA:34,3
DA:43,5
DA:46,5
DA:52,1
DA:59,4
DA:63,1
DA:72,1
DA:73,0
DA:78,4
LF:11
LH:10
BRDA:43,0,0,3
BRDA:43,0,1,2
BRDA:46,1,0,3
BRDA:46,1,1,2
BRDA:53,2,0,1
BRDA:53,2,1,0
BRDA:59,3,0,2
BRDA:59,3,1,2
BRF:8
BRH:7
end_of_record
TN:
SF:/Users/shd8/yummy/evolmind-voices/evolmind-voices/src/components/RandomVoice.vue
FN:28,(anonymous_0)
FN:32,(anonymous_1)
FN:38,(anonymous_2)
FNF:3
FNH:3
FNDA:1,(anonymous_0)
FNDA:1,(anonymous_1)
FNDA:2,(anonymous_2)
DA:14,2
DA:15,2
DA:16,2
DA:18,2
DA:29,1
DA:33,1
DA:39,2
LF:7
LH:7
BRF:0
BRH:0
end_of_record
TN:
SF:/Users/shd8/yummy/evolmind-voices/evolmind-voices/src/components/RandomVoiceGenerator.vue
FN:33,(anonymous_0)
FN:38,(anonymous_1)
FN:43,(anonymous_2)
FNF:3
FNH:1
FNDA:0,(anonymous_0)
FNDA:0,(anonymous_1)
FNDA:3,(anonymous_2)
DA:11,2
DA:12,2
DA:13,2
DA:15,2
DA:34,0
DA:35,0
DA:39,0
DA:44,3
LF:8
LH:5
BRF:0
BRH:0
end_of_record
TN:
SF:/Users/shd8/yummy/evolmind-voices/evolmind-voices/src/components/Search.vue
FN:29,(anonymous_0)
FNF:1
FNH:0
FNDA:0,(anonymous_0)
DA:13,2
DA:14,2
DA:20,2
DA:30,0
LF:4
LH:3
BRF:0
BRH:0
end_of_record
TN:
SF:/Users/shd8/yummy/evolmind-voices/evolmind-voices/src/components/VoiceIcon.vue
FNF:0
FNH:0
DA:19,5
DA:20,5
DA:21,5
DA:23,5
LF:4
LH:4
BRF:0
BRH:0
end_of_record
TN:
SF:/Users/shd8/yummy/evolmind-voices/evolmind-voices/src/components/VoicesList.vue
FNF:0
FNH:0
DA:19,4
DA:20,4
DA:21,4
DA:23,4
LF:4
LH:4
BRF:0
BRH:0
end_of_record
TN:
SF:/Users/shd8/yummy/evolmind-voices/evolmind-voices/src/router/index.ts
FNF:0
FNH:0
DA:1,2
DA:2,2
DA:3,2
DA:5,2
DA:21,2
DA:26,2
LF:6
LH:6
BRF:0
BRH:0
end_of_record
TN:
SF:/Users/shd8/yummy/evolmind-voices/evolmind-voices/src/store/actions.ts
FN:6,(anonymous_0)
FNF:1
FNH:0
FNDA:0,(anonymous_0)
DA:3,1
DA:5,1
DA:7,0
DA:11,1
LF:4
LH:3
BRF:0
BRH:0
end_of_record
TN:
SF:/Users/shd8/yummy/evolmind-voices/evolmind-voices/src/store/getters.ts
FN:6,(anonymous_0)
FN:11,(anonymous_1)
FN:16,(anonymous_2)
FN:18,(anonymous_3)
FN:21,(anonymous_4)
FN:26,(anonymous_5)
FN:31,(anonymous_6)
FN:33,(anonymous_7)
FN:36,(anonymous_8)
FN:38,(anonymous_9)
FN:42,(anonymous_10)
FN:42,(anonymous_11)
FN:43,(anonymous_12)
FNF:13
FNH:11
FNDA:1,(anonymous_0)
FNDA:0,(anonymous_1)
FNDA:3,(anonymous_2)
FNDA:3,(anonymous_3)
FNDA:1,(anonymous_4)
FNDA:0,(anonymous_5)
FNDA:2,(anonymous_6)
FNDA:2,(anonymous_7)
FNDA:1,(anonymous_8)
FNDA:8,(anonymous_9)
FNDA:1,(anonymous_10)
FNDA:1,(anonymous_11)
FNDA:2,(anonymous_12)
DA:2,2
DA:4,2
DA:7,1
DA:9,1
DA:10,0
DA:11,0
DA:15,1
DA:16,3
DA:18,3
DA:22,1
DA:24,1
DA:25,0
DA:26,0
DA:30,1
DA:31,2
DA:33,2
DA:37,1
DA:38,8
DA:42,1
DA:43,2
DA:46,2
LF:21
LH:17
BRDA:7,0,0,0
BRDA:7,0,1,1
BRDA:7,1,0,1
BRDA:7,1,1,1
BRDA:9,2,0,0
BRDA:9,2,1,1
BRDA:9,3,0,1
BRDA:9,3,1,0
BRDA:16,4,0,3
BRDA:16,4,1,3
BRDA:22,5,0,0
BRDA:22,5,1,1
BRDA:22,6,0,1
BRDA:22,6,1,1
BRDA:24,7,0,0
BRDA:24,7,1,1
BRDA:24,8,0,1
BRDA:24,8,1,0
BRDA:31,9,0,2
BRDA:31,9,1,2
BRF:20
BRH:14
end_of_record
TN:
SF:/Users/shd8/yummy/evolmind-voices/evolmind-voices/src/store/index.ts
FNF:0
FNH:0
DA:1,1
DA:2,1
DA:3,1
DA:4,1
DA:5,1
DA:7,1
LF:6
LH:6
BRF:0
BRH:0
end_of_record
TN:
SF:/Users/shd8/yummy/evolmind-voices/evolmind-voices/src/store/mutations.ts
FN:5,(anonymous_0)
FN:9,(anonymous_1)
FN:11,(anonymous_2)
FN:12,(anonymous_3)
FN:16,(anonymous_4)
FN:17,(anonymous_5)
FN:18,(anonymous_6)
FN:21,(anonymous_7)
FN:22,(anonymous_8)
FN:23,(anonymous_9)
FN:26,(anonymous_10)
FN:30,(anonymous_11)
FN:34,(anonymous_12)
FN:39,(anonymous_13)
FN:43,(anonymous_14)
FNF:15
FNH:0
FNDA:0,(anonymous_0)
FNDA:0,(anonymous_1)
FNDA:0,(anonymous_2)
FNDA:0,(anonymous_3)
FNDA:0,(anonymous_4)
FNDA:0,(anonymous_5)
FNDA:0,(anonymous_6)
FNDA:0,(anonymous_7)
FNDA:0,(anonymous_8)
FNDA:0,(anonymous_9)
FNDA:0,(anonymous_10)
FNDA:0,(anonymous_11)
FNDA:0,(anonymous_12)
FNDA:0,(anonymous_13)
FNDA:0,(anonymous_14)
DA:3,1
DA:6,0
DA:11,0
DA:12,0
DA:17,0
DA:18,0
DA:22,0
DA:23,0
DA:27,0
DA:31,0
DA:35,0
DA:36,0
DA:40,0
DA:44,0
DA:48,1
LF:15
LH:2
BRDA:12,0,0,0
BRDA:12,0,1,0
BRDA:17,1,0,0
BRDA:17,1,1,0
BRDA:18,2,0,0
BRDA:18,2,1,0
BRDA:22,3,0,0
BRDA:22,3,1,0
BRDA:23,4,0,0
BRDA:23,4,1,0
BRF:10
BRH:0
end_of_record
TN:
SF:/Users/shd8/yummy/evolmind-voices/evolmind-voices/src/store/state.ts
FNF:0
FNH:0
DA:3,1
DA:11,1
LF:2
LH:2
BRF:0
BRH:0
end_of_record
TN:
SF:/Users/shd8/yummy/evolmind-voices/evolmind-voices/src/views/Favorites.vue
FNF:0
FNH:0
DA:11,3
DA:12,3
DA:13,3
DA:15,3
LF:4
LH:4
BRF:0
BRH:0
end_of_record
TN:
SF:/Users/shd8/yummy/evolmind-voices/evolmind-voices/src/views/Home.vue
FNF:0
FNH:0
DA:8,3
DA:9,3
DA:10,3
DA:12,3
LF:4
LH:4
BRF:0
BRH:0
end_of_record
